<?xml version="1.0" encoding="UTF-8"?>
<testsuite xmlns:xsi="http://www.w3.org/2001/XMLSchema-instance" xsi:noNamespaceSchemaLocation="https://maven.apache.org/surefire/maven-surefire-plugin/xsd/surefire-test-report.xsd" version="3.0.2" name="christian.springTest.SpringTestApplicationTests" time="1.931" tests="1" errors="0" skipped="0" failures="0">
  <properties>
[...]
</properties>
  <testcase name="contextLoads" classname="christian.springTest.SpringTestApplicationTests" time="0.491">
    <system-out><![CDATA[12:54:15.395 [main] INFO org.springframework.test.context.support.AnnotationConfigContextLoaderUtils -- Could not detect default configuration classes for test class [christian.springTest.SpringTestApplicationTests]: SpringTestApplicationTests does not declare any static, non-private, non-final, nested classes annotated with @Configuration.
12:54:15.460 [main] INFO org.springframework.boot.test.context.SpringBootTestContextBootstrapper -- Found @SpringBootConfiguration christian.springTest.SpringTestApplication for test class christian.springTest.SpringTestApplicationTests

  .   ____          _            __ _ _
 /\\ / ___'_ __ _ _(_)_ __  __ _ \ \ \ \
( ( )\___ | '_ | '_| | '_ \/ _` | \ \ \ \
 \\/  ___)| |_)| | | | | || (_| |  ) ) ) )
  '  |____| .__|_| |_|_| |_\__, | / / / /
 =========|_|==============|___/=/_/_/_/

 :: Spring Boot ::                (v3.4.3)

2025-03-15T12:54:15.742+01:00  INFO 7383 --- [springTest] [           main] c.springTest.SpringTestApplicationTests  : Starting SpringTestApplicationTests using Java 21.0.6 with PID 7383 (started by root in /home/christian/Documents/repo/springTest)
2025-03-15T12:54:15.743+01:00  INFO 7383 --- [springTest] [           main] c.springTest.SpringTestApplicationTests  : No active profile set, falling back to 1 default profile: "default"
2025-03-15T12:54:16.215+01:00  INFO 7383 --- [springTest] [           main] com.zaxxer.hikari.HikariDataSource       : HikariPool-1 - Starting...
2025-03-15T12:54:16.434+01:00  INFO 7383 --- [springTest] [           main] com.zaxxer.hikari.pool.PoolBase          : HikariPool-1 - Driver does not support get/set network timeout for connections. (feature not supported)
2025-03-15T12:54:16.435+01:00  INFO 7383 --- [springTest] [           main] com.zaxxer.hikari.pool.HikariPool        : HikariPool-1 - Added connection org.hsqldb.jdbc.JDBCConnection@257e0827
2025-03-15T12:54:16.437+01:00  INFO 7383 --- [springTest] [           main] com.zaxxer.hikari.HikariDataSource       : HikariPool-1 - Start completed.
2025-03-15T12:54:16.646+01:00  INFO 7383 --- [springTest] [           main] c.springTest.SpringTestApplicationTests  : Started SpringTestApplicationTests in 1.1 seconds (process running for 1.713)
2025-03-15T12:54:16.648+01:00  INFO 7383 --- [springTest] [           main] o.s.b.a.b.JobLauncherApplicationRunner   : Running default command line with: []
2025-03-15T12:54:16.672+01:00  INFO 7383 --- [springTest] [           main] o.s.b.c.l.s.TaskExecutorJobLauncher      : Job: [SimpleJob: [name=importUserJob]] launched with the following parameters: [{}]
2025-03-15T12:54:16.685+01:00  INFO 7383 --- [springTest] [           main] o.s.batch.core.job.SimpleStepHandler     : Executing step: [step1]
2025-03-15T12:54:16.696+01:00  INFO 7383 --- [springTest] [           main] c.s.batchprocessing.PersonItemProcessor  : Converting (Person[firstName=Jill, lastName=Doe]) into (Person[firstName=JILL, lastName=DOE])
2025-03-15T12:54:16.698+01:00  INFO 7383 --- [springTest] [           main] c.s.batchprocessing.PersonItemProcessor  : Converting (Person[firstName=Joe, lastName=Doe]) into (Person[firstName=JOE, lastName=DOE])
2025-03-15T12:54:16.699+01:00  INFO 7383 --- [springTest] [           main] c.s.batchprocessing.PersonItemProcessor  : Converting (Person[firstName=Justin, lastName=Doe]) into (Person[firstName=JUSTIN, lastName=DOE])
2025-03-15T12:54:16.705+01:00  INFO 7383 --- [springTest] [           main] c.s.batchprocessing.PersonItemProcessor  : Converting (Person[firstName=Jane, lastName=Doe]) into (Person[firstName=JANE, lastName=DOE])
2025-03-15T12:54:16.705+01:00  INFO 7383 --- [springTest] [           main] c.s.batchprocessing.PersonItemProcessor  : Converting (Person[firstName=John, lastName=Doe]) into (Person[firstName=JOHN, lastName=DOE])
2025-03-15T12:54:16.708+01:00  INFO 7383 --- [springTest] [           main] o.s.batch.core.step.AbstractStep         : Step: [step1] executed in 22ms
2025-03-15T12:54:16.711+01:00  INFO 7383 --- [springTest] [           main] c.s.b.JobCompletionNotificationListener  : !!! JOB FINISHED! Time to verify the results
2025-03-15T12:54:16.713+01:00  INFO 7383 --- [springTest] [           main] c.s.b.JobCompletionNotificationListener  : Found <Person[firstName=JILL, lastName=DOE]> in the database.
2025-03-15T12:54:16.714+01:00  INFO 7383 --- [springTest] [           main] c.s.b.JobCompletionNotificationListener  : Found <Person[firstName=JOE, lastName=DOE]> in the database.
2025-03-15T12:54:16.714+01:00  INFO 7383 --- [springTest] [           main] c.s.b.JobCompletionNotificationListener  : Found <Person[firstName=JUSTIN, lastName=DOE]> in the database.
2025-03-15T12:54:16.714+01:00  INFO 7383 --- [springTest] [           main] c.s.b.JobCompletionNotificationListener  : Found <Person[firstName=JANE, lastName=DOE]> in the database.
2025-03-15T12:54:16.714+01:00  INFO 7383 --- [springTest] [           main] c.s.b.JobCompletionNotificationListener  : Found <Person[firstName=JOHN, lastName=DOE]> in the database.
2025-03-15T12:54:16.716+01:00  INFO 7383 --- [springTest] [           main] o.s.b.c.l.s.TaskExecutorJobLauncher      : Job: [SimpleJob: [name=importUserJob]] completed with the following parameters: [{}] and the following status: [COMPLETED] in 33ms
]]></system-out>
    <system-err><![CDATA[Mockito is currently self-attaching to enable the inline-mock-maker. This will no longer work in future releases of the JDK. Please add Mockito as an agent to your build what is described in Mockito's documentation: https://javadoc.io/doc/org.mockito/mockito-core/latest/org/mockito/Mockito.html#0.3
WARNING: A Java agent has been loaded dynamically (/root/.m2/repository/net/bytebuddy/byte-buddy-agent/1.15.11/byte-buddy-agent-1.15.11.jar)
WARNING: If a serviceability tool is in use, please run with -XX:+EnableDynamicAgentLoading to hide this warning
WARNING: If a serviceability tool is not in use, please run with -Djdk.instrument.traceUsage for more information
WARNING: Dynamic loading of agents will be disallowed by default in a future release
]]></system-err>
  </testcase>
</testsuite>